2020-08-19 18:26:47,767 INFO o.a.j.u.JMeterUtils: Setting Locale to en_EN
2020-08-19 18:26:47,790 INFO o.a.j.JMeter: Loading user properties from: C:\install_file\apache-jmeter-4.0\bin\user.properties
2020-08-19 18:26:47,791 INFO o.a.j.JMeter: Loading system properties from: C:\install_file\apache-jmeter-4.0\bin\system.properties
2020-08-19 18:26:47,797 INFO o.a.j.JMeter: Copyright (c) 1998-2018 The Apache Software Foundation
2020-08-19 18:26:47,798 INFO o.a.j.JMeter: Version 4.0 r1823414
2020-08-19 18:26:47,798 INFO o.a.j.JMeter: java.version=1.8.0_251
2020-08-19 18:26:47,798 INFO o.a.j.JMeter: java.vm.name=Java HotSpot(TM) 64-Bit Server VM
2020-08-19 18:26:47,798 INFO o.a.j.JMeter: os.name=Windows 10
2020-08-19 18:26:47,798 INFO o.a.j.JMeter: os.arch=amd64
2020-08-19 18:26:47,799 INFO o.a.j.JMeter: os.version=10.0
2020-08-19 18:26:47,799 INFO o.a.j.JMeter: file.encoding=GBK
2020-08-19 18:26:47,799 INFO o.a.j.JMeter: Max memory     =1073741824
2020-08-19 18:26:47,799 INFO o.a.j.JMeter: Available Processors =4
2020-08-19 18:26:47,805 INFO o.a.j.JMeter: Default Locale=English (EN)
2020-08-19 18:26:47,805 INFO o.a.j.JMeter: JMeter  Locale=English (EN)
2020-08-19 18:26:47,805 INFO o.a.j.JMeter: JMeterHome=C:\install_file\apache-jmeter-4.0
2020-08-19 18:26:47,805 INFO o.a.j.JMeter: user.dir  =C:\test_server
2020-08-19 18:26:47,806 INFO o.a.j.JMeter: PWD       =C:\test_server
2020-08-19 18:26:47,812 INFO o.a.j.JMeter: IP: 192.168.254.48 Name: DESKTOP-16FUAFE FullName: DESKTOP-16FUAFE
2020-08-19 18:26:48,104 INFO o.a.j.g.a.LookAndFeelCommand: Installing Darcula LAF
2020-08-19 18:26:48,147 INFO o.a.j.g.a.LookAndFeelCommand: Using look and feel: com.bulenkov.darcula.DarculaLaf [Darcula]
2020-08-19 18:26:48,147 INFO o.a.j.JMeter: Setting LAF to: com.bulenkov.darcula.DarculaLaf
2020-08-19 18:26:48,254 INFO o.a.j.JMeter: Loaded icon properties from org/apache/jmeter/images/icon.properties
2020-08-19 18:26:49,063 INFO o.a.j.e.u.CompoundVariable: Note: Function class names must contain the string: '.functions.'
2020-08-19 18:26:49,063 INFO o.a.j.e.u.CompoundVariable: Note: Function class names must not contain the string: '.gui.'
2020-08-19 18:26:51,001 INFO o.j.r.JARSourceHTTP: Requesting https://jmeter-plugins.org/repo/?installID=windows_10-9768223d54082d350e381e520fbb52e3-gui
2020-08-19 18:26:52,336 INFO o.a.j.p.h.s.HTTPSamplerBase: Parser for text/html is org.apache.jmeter.protocol.http.parser.LagartoBasedHtmlParser
2020-08-19 18:26:52,336 INFO o.a.j.p.h.s.HTTPSamplerBase: Parser for application/xhtml+xml is org.apache.jmeter.protocol.http.parser.LagartoBasedHtmlParser
2020-08-19 18:26:52,337 INFO o.a.j.p.h.s.HTTPSamplerBase: Parser for application/xml is org.apache.jmeter.protocol.http.parser.LagartoBasedHtmlParser
2020-08-19 18:26:52,337 INFO o.a.j.p.h.s.HTTPSamplerBase: Parser for text/xml is org.apache.jmeter.protocol.http.parser.LagartoBasedHtmlParser
2020-08-19 18:26:52,337 INFO o.a.j.p.h.s.HTTPSamplerBase: Parser for text/vnd.wap.wml is org.apache.jmeter.protocol.http.parser.RegexpHTMLParser
2020-08-19 18:26:52,337 INFO o.a.j.p.h.s.HTTPSamplerBase: Parser for text/css is org.apache.jmeter.protocol.http.parser.CssParser
2020-08-19 18:26:53,059 INFO o.a.j.e.KeyToolUtils: keytool found at 'keytool'
2020-08-19 18:26:53,060 INFO o.a.j.p.h.p.ProxyControl: HTTP(S) Test Script Recorder SSL Proxy will use keys that support embedded 3rd party resources in file C:\install_file\apache-jmeter-4.0\bin\proxyserver.jks
2020-08-19 18:26:53,255 INFO o.a.j.s.FileServer: Default base='C:\test_server'
2020-08-19 18:26:55,055 INFO o.a.j.s.SampleResult: Note: Sample TimeStamps are START times
2020-08-19 18:26:55,055 INFO o.a.j.s.SampleResult: sampleresult.default.encoding is set to ISO-8859-1
2020-08-19 18:26:55,055 INFO o.a.j.s.SampleResult: sampleresult.useNanoTime=true
2020-08-19 18:26:55,055 INFO o.a.j.s.SampleResult: sampleresult.nanoThreadSleep=5000
2020-08-19 18:26:55,597 INFO o.j.r.PluginManager: Plugins Status: [jpgc-graphs-basic=2.0, jpgc-plugins-manager=1.4, jmeter-core=4.0, jmeter-ftp=4.0, jmeter-http=4.0, jmeter-jdbc=4.0, jmeter-jms=4.0, jmeter-junit=4.0, jmeter-java=4.0, jmeter-ldap=4.0, jmeter-mail=4.0, jmeter-mongodb=4.0, jmeter-native=4.0, jmeter-tcp=4.0, jmeter-components=4.0]
2020-08-19 18:26:59,821 INFO o.a.j.g.a.Load: Loading file: C:\install_file\apache-jmeter-4.0\bin\批量支付.jmx
2020-08-19 18:26:59,821 INFO o.a.j.s.FileServer: Set new base='C:\install_file\apache-jmeter-4.0\bin'
2020-08-19 18:26:59,993 INFO o.a.j.s.SaveService: Testplan (JMX) version: 2.2. Testlog (JTL) version: 2.2
2020-08-19 18:26:59,997 INFO o.a.j.s.SaveService: Using SaveService properties file encoding UTF-8
2020-08-19 18:26:59,998 INFO o.a.j.s.SaveService: Using SaveService properties version 4.0
2020-08-19 18:27:00,001 INFO o.a.j.s.SaveService: Loading file: C:\install_file\apache-jmeter-4.0\bin\批量支付.jmx
2020-08-19 18:27:01,254 INFO o.a.j.s.FileServer: Set new base='C:\install_file\apache-jmeter-4.0\bin'
2020-08-19 18:27:41,183 INFO o.a.j.e.StandardJMeterEngine: Running the test!
2020-08-19 18:27:41,184 INFO o.a.j.s.SampleEvent: List of sample_variables: []
2020-08-19 18:27:41,184 INFO o.a.j.s.SampleEvent: List of sample_variables: []
2020-08-19 18:27:41,189 INFO o.a.j.t.TestPlan: added C:\Users\admin\Desktop\派单\cloud-mysql-connector-java-5.1.7-bin (1).jar to classpath
2020-08-19 18:27:41,194 INFO o.a.j.g.u.JMeterMenuBar: setRunning(true, *local*)
2020-08-19 18:27:41,429 INFO o.a.j.e.StandardJMeterEngine: Starting ThreadGroup: 1 : 车队调度
2020-08-19 18:27:41,429 INFO o.a.j.e.StandardJMeterEngine: Starting 1 threads for group 车队调度.
2020-08-19 18:27:41,429 INFO o.a.j.e.StandardJMeterEngine: Thread will continue on error
2020-08-19 18:27:41,429 INFO o.a.j.t.ThreadGroup: Starting thread group... number=1 threads=1 ramp-up=1 perThread=1000.0 delayedStart=false
2020-08-19 18:27:41,433 INFO o.a.j.t.ThreadGroup: Started thread group number 1
2020-08-19 18:27:41,433 INFO o.a.j.e.StandardJMeterEngine: All thread groups have been started
2020-08-19 18:27:41,437 INFO o.a.j.t.JMeterThread: Thread started: 车队调度 1-1
2020-08-19 18:27:41,749 INFO o.a.j.p.h.s.HTTPHCAbstractImpl: Local host = DESKTOP-16FUAFE
2020-08-19 18:27:41,753 INFO o.a.j.p.h.s.HTTPHC4Impl: HTTP request retry count = 0
2020-08-19 18:29:49,567 INFO o.a.j.t.JMeterThread: Thread is done: 车队调度 1-1
2020-08-19 18:29:49,567 INFO o.a.j.t.JMeterThread: Thread finished: 车队调度 1-1
2020-08-19 18:29:49,568 INFO o.a.j.e.StandardJMeterEngine: Notifying test listeners of end of test
2020-08-19 18:29:49,568 INFO o.a.j.g.u.JMeterMenuBar: setRunning(false, *local*)
